<?xml version="1.0" encoding="UTF-8"?>
<!-- Generated by org.testng.reporters.JUnitXMLReporter -->
<testsuite ignored="0" hostname="Niwass-MBP.lan" failures="0" tests="7" name="Default test" time="58.784" errors="0" timestamp="2024-03-15T15:35:08 PDT">
  <testcase classname="com.Tekarch.API.POJO.APIwithPOJO" name="getdata" time="17.979"/>
  <testcase classname="com.Tekarch.API.POJO.APIwithPOJO" name="createdata" time="0.865"/>
  <testcase classname="com.Tekarch.API.POJO.APIwithPOJO" name="getdataaftercreate" time="13.089"/>
  <testcase classname="com.Tekarch.API.POJO.APIwithPOJO" name="updatedata" time="0.706"/>
  <testcase classname="com.Tekarch.API.POJO.APIwithPOJO" name="getdataafterupdate" time="11.339"/>
  <testcase classname="com.Tekarch.API.POJO.APIwithPOJO" name="deletedata" time="0.668"/>
  <testcase classname="com.Tekarch.API.POJO.APIwithPOJO" name="getdataafterdeletion" time="13.588"/>
</testsuite> <!-- Default test -->
