<?xml version="1.0" encoding="UTF-8"?>
<!-- Generated by org.testng.reporters.JUnitXMLReporter -->
<testsuite ignored="1" hostname="Niwass-MBP.lan" failures="0" tests="8" name="LoginTest" time="55.248" errors="0" timestamp="2024-03-10T23:07:22 PDT">
  <testcase classname="com.Tekarch.CRUD.ValidateLoginFunctionality" name="validateLoginWithValidCredentials" time="4.293"/>
  <testcase classname="com.Tekarch.CRUD.ValidateLoginFunctionality" name="validateLoginWithInValidCredentials" time="0.343"/>
  <testcase classname="com.Tekarch.CRUD.ValidateAddAndDeleteData_Functionality" name="validateAddDataFunctionality" time="2.101"/>
  <testcase classname="com.Tekarch.CRUD.ValidateAddAndDeleteData_Functionality" name="validateAddedDataInGetData" time="12.986"/>
  <testcase classname="com.Tekarch.CRUD.ValidateAddAndDeleteData_Functionality" name="validateUpdateDataFunctionality" time="4.11"/>
  <testcase classname="com.Tekarch.CRUD.ValidateAddAndDeleteData_Functionality" name="validateUpdateDataInGetData" time="15.686"/>
  <testcase classname="com.Tekarch.CRUD.ValidateAddAndDeleteData_Functionality" name="validateDeleteData" time="2.052"/>
  <testcase classname="com.Tekarch.CRUD.ValidateAddAndDeleteData_Functionality" name="validateDeletedDataInGetData" time="12.441"/>
  <testcase classname="com.Tekarch.base.BaseTest" name="@BeforeSuite beforeSuite" time="0.0">
    <ignored/>
  </testcase> <!-- @BeforeSuite beforeSuite -->
</testsuite> <!-- LoginTest -->
